20:26:45.062 logback [main] INFO  c.ronzheng.travel.TravelApplication - Starting TravelApplication on luozheng with PID 3672 (G:\workspace\Travel\target\classes started by luozheng in G:\workspace\Travel)
20:26:45.064 logback [main] INFO  c.ronzheng.travel.TravelApplication - No active profile set, falling back to default profiles: default
20:26:45.912 logback [main] INFO  o.s.b.w.e.tomcat.TomcatWebServer - Tomcat initialized with port(s): 8080 (http)
20:26:45.925 logback [main] INFO  o.a.coyote.http11.Http11NioProtocol - Initializing ProtocolHandler ["http-nio-8080"]
20:26:45.929 logback [main] INFO  o.a.catalina.core.StandardService - Starting service [Tomcat]
20:26:45.930 logback [main] INFO  o.a.catalina.core.StandardEngine - Starting Servlet Engine: Apache Tomcat/9.0.12
20:26:45.935 logback [main] INFO  o.a.c.core.AprLifecycleListener - The APR based Apache Tomcat Native library which allows optimal performance in production environments was not found on the java.library.path: [C:\Program Files (x86)\java\jdk1.8.0_181\bin;C:\WINDOWS\Sun\Java\bin;C:\WINDOWS\system32;C:\WINDOWS;C:/Program Files (x86)/java/jdk1.8.0_181/bin/../jre/bin/server;C:/Program Files (x86)/java/jdk1.8.0_181/bin/../jre/bin;C:/Program Files (x86)/java/jdk1.8.0_181/bin/../jre/lib/amd64;C:\Program Files (x86)\java\jdk1.8.0_181\bin;C:\Program Files (x86)\java\jdk1.8.0_181\jre\bin;C:\Program Files (x86)\Common Files\Oracle\Java\javapath;G:\software\apache-maven-3.5.4\bin;C:\Program Files (x86)\Intel\iCLS Client\;C:\Program Files\Intel\iCLS Client\;C:\Windows\system32;C:\Windows;C:\Windows\System32\Wbem;C:\Windows\System32\WindowsPowerShell\v1.0\;C:\Program Files (x86)\NVIDIA Corporation\PhysX\Common;C:\Program Files (x86)\Intel\Intel(R) Management Engine Components\DAL;C:\Program Files\Intel\Intel(R) Management Engine Components\DAL;C:\Program Files (x86)\Intel\Intel(R) Management Engine Components\IPT;C:\Program Files\Intel\Intel(R) Management Engine Components\IPT;C:\Program Files\Intel\WiFi\bin\;C:\Program Files\Common Files\Intel\WirelessCommon\;C:\ORACLE\instantclient_11_2;C:\WINDOWS\system32;C:\WINDOWS;C:\WINDOWS\System32\Wbem;C:\WINDOWS\System32\WindowsPowerShell\v1.0\;C:\WINDOWS\System32\OpenSSH\;C:\Program Files (x86)\Symantec\VIP Access Client\;C:\Program Files\TortoiseGit\bin;C:\Program Files\Git\cmd;D:\软件安装地址\node\;C:\ProgramData\chocolatey\bin;C:\Users\luozheng\AppData\Local\Microsoft\WindowsApps;C:\Users\luozheng\AppData\Roaming\npm;D:\开发环境\spring-tool-suite-3.9.5.RELEASE-e4.8.0-win32-x86_64\sts-bundle\sts-3.9.5.RELEASE;;.]
20:26:46.013 logback [main] INFO  o.a.c.c.C.[Tomcat].[localhost].[/] - Initializing Spring embedded WebApplicationContext
20:26:46.014 logback [main] INFO  o.s.web.context.ContextLoader - Root WebApplicationContext: initialization completed in 918 ms
20:26:46.033 logback [main] INFO  o.s.b.w.s.ServletRegistrationBean - Servlet dispatcherServlet mapped to [/]
20:26:46.036 logback [main] INFO  o.s.b.w.s.FilterRegistrationBean - Mapping filter: 'characterEncodingFilter' to: [/*]
20:26:46.037 logback [main] INFO  o.s.b.w.s.FilterRegistrationBean - Mapping filter: 'hiddenHttpMethodFilter' to: [/*]
20:26:46.037 logback [main] INFO  o.s.b.w.s.FilterRegistrationBean - Mapping filter: 'formContentFilter' to: [/*]
20:26:46.037 logback [main] INFO  o.s.b.w.s.FilterRegistrationBean - Mapping filter: 'requestContextFilter' to: [/*]
20:26:46.334 logback [main] INFO  o.s.s.c.ThreadPoolTaskExecutor - Initializing ExecutorService 'applicationTaskExecutor'
20:26:46.572 logback [main] INFO  o.a.coyote.http11.Http11NioProtocol - Starting ProtocolHandler ["http-nio-8080"]
20:26:46.576 logback [main] ERROR o.apache.catalina.util.LifecycleBase - Failed to start component [Connector[HTTP/1.1-8080]]
org.apache.catalina.LifecycleException: Protocol handler start failed
	at org.apache.catalina.connector.Connector.startInternal(Connector.java:960)
	at org.apache.catalina.util.LifecycleBase.start(LifecycleBase.java:183)
	at org.apache.catalina.core.StandardService.addConnector(StandardService.java:225)
	at org.springframework.boot.web.embedded.tomcat.TomcatWebServer.addPreviouslyRemovedConnectors(TomcatWebServer.java:259)
	at org.springframework.boot.web.embedded.tomcat.TomcatWebServer.start(TomcatWebServer.java:197)
	at org.springframework.boot.web.servlet.context.ServletWebServerApplicationContext.startWebServer(ServletWebServerApplicationContext.java:300)
	at org.springframework.boot.web.servlet.context.ServletWebServerApplicationContext.finishRefresh(ServletWebServerApplicationContext.java:162)
	at org.springframework.context.support.AbstractApplicationContext.refresh(AbstractApplicationContext.java:549)
	at org.springframework.boot.web.servlet.context.ServletWebServerApplicationContext.refresh(ServletWebServerApplicationContext.java:140)
	at org.springframework.boot.SpringApplication.refresh(SpringApplication.java:775)
	at org.springframework.boot.SpringApplication.refreshContext(SpringApplication.java:397)
	at org.springframework.boot.SpringApplication.run(SpringApplication.java:316)
	at org.springframework.boot.SpringApplication.run(SpringApplication.java:1260)
	at org.springframework.boot.SpringApplication.run(SpringApplication.java:1248)
	at com.ronzheng.travel.TravelApplication.main(TravelApplication.java:14)
Caused by: java.net.BindException: Address already in use: bind
	at sun.nio.ch.Net.bind0(Native Method)
	at sun.nio.ch.Net.bind(Net.java:433)
	at sun.nio.ch.Net.bind(Net.java:425)
	at sun.nio.ch.ServerSocketChannelImpl.bind(ServerSocketChannelImpl.java:223)
	at sun.nio.ch.ServerSocketAdaptor.bind(ServerSocketAdaptor.java:74)
	at org.apache.tomcat.util.net.NioEndpoint.initServerSocket(NioEndpoint.java:236)
	at org.apache.tomcat.util.net.NioEndpoint.bind(NioEndpoint.java:210)
	at org.apache.tomcat.util.net.AbstractEndpoint.start(AbstractEndpoint.java:1108)
	at org.apache.coyote.AbstractProtocol.start(AbstractProtocol.java:550)
	at org.apache.catalina.connector.Connector.startInternal(Connector.java:957)
	... 14 common frames omitted
20:26:46.580 logback [main] INFO  o.a.coyote.http11.Http11NioProtocol - Pausing ProtocolHandler ["http-nio-8080"]
20:26:46.580 logback [main] INFO  o.a.catalina.core.StandardService - Stopping service [Tomcat]
20:26:46.585 logback [main] INFO  o.apache.catalina.util.LifecycleBase - The stop() method was called on component [StandardServer[-1]] after stop() had already been called. The second call will be ignored.
20:26:46.585 logback [main] INFO  o.a.coyote.http11.Http11NioProtocol - Stopping ProtocolHandler ["http-nio-8080"]
20:26:46.585 logback [main] INFO  o.a.coyote.http11.Http11NioProtocol - Destroying ProtocolHandler ["http-nio-8080"]
20:26:46.587 logback [main] INFO  o.s.b.a.l.ConditionEvaluationReportLoggingListener - 

Error starting ApplicationContext. To display the conditions report re-run your application with 'debug' enabled.
20:26:46.590 logback [main] ERROR o.s.b.d.LoggingFailureAnalysisReporter - 

***************************
APPLICATION FAILED TO START
***************************

Description:

The Tomcat connector configured to listen on port 8080 failed to start. The port may already be in use or the connector may be misconfigured.

Action:

Verify the connector's configuration, identify and stop any process that's listening on port 8080, or configure this application to listen on another port.

20:26:46.592 logback [main] INFO  o.s.s.c.ThreadPoolTaskExecutor - Shutting down ExecutorService 'applicationTaskExecutor'
20:26:57.165 logback [main] INFO  c.ronzheng.travel.TravelApplication - Starting TravelApplication on luozheng with PID 8024 (G:\workspace\Travel\target\classes started by luozheng in G:\workspace\Travel)
20:26:57.168 logback [main] INFO  c.ronzheng.travel.TravelApplication - No active profile set, falling back to default profiles: default
20:26:57.978 logback [main] INFO  o.s.b.w.e.tomcat.TomcatWebServer - Tomcat initialized with port(s): 8080 (http)
20:26:57.991 logback [main] INFO  o.a.coyote.http11.Http11NioProtocol - Initializing ProtocolHandler ["http-nio-8080"]
20:26:57.995 logback [main] INFO  o.a.catalina.core.StandardService - Starting service [Tomcat]
20:26:57.995 logback [main] INFO  o.a.catalina.core.StandardEngine - Starting Servlet Engine: Apache Tomcat/9.0.12
20:26:58.000 logback [main] INFO  o.a.c.core.AprLifecycleListener - The APR based Apache Tomcat Native library which allows optimal performance in production environments was not found on the java.library.path: [C:\Program Files (x86)\java\jdk1.8.0_181\bin;C:\WINDOWS\Sun\Java\bin;C:\WINDOWS\system32;C:\WINDOWS;C:/Program Files (x86)/java/jdk1.8.0_181/bin/../jre/bin/server;C:/Program Files (x86)/java/jdk1.8.0_181/bin/../jre/bin;C:/Program Files (x86)/java/jdk1.8.0_181/bin/../jre/lib/amd64;C:\Program Files (x86)\java\jdk1.8.0_181\bin;C:\Program Files (x86)\java\jdk1.8.0_181\jre\bin;C:\Program Files (x86)\Common Files\Oracle\Java\javapath;G:\software\apache-maven-3.5.4\bin;C:\Program Files (x86)\Intel\iCLS Client\;C:\Program Files\Intel\iCLS Client\;C:\Windows\system32;C:\Windows;C:\Windows\System32\Wbem;C:\Windows\System32\WindowsPowerShell\v1.0\;C:\Program Files (x86)\NVIDIA Corporation\PhysX\Common;C:\Program Files (x86)\Intel\Intel(R) Management Engine Components\DAL;C:\Program Files\Intel\Intel(R) Management Engine Components\DAL;C:\Program Files (x86)\Intel\Intel(R) Management Engine Components\IPT;C:\Program Files\Intel\Intel(R) Management Engine Components\IPT;C:\Program Files\Intel\WiFi\bin\;C:\Program Files\Common Files\Intel\WirelessCommon\;C:\ORACLE\instantclient_11_2;C:\WINDOWS\system32;C:\WINDOWS;C:\WINDOWS\System32\Wbem;C:\WINDOWS\System32\WindowsPowerShell\v1.0\;C:\WINDOWS\System32\OpenSSH\;C:\Program Files (x86)\Symantec\VIP Access Client\;C:\Program Files\TortoiseGit\bin;C:\Program Files\Git\cmd;D:\软件安装地址\node\;C:\ProgramData\chocolatey\bin;C:\Users\luozheng\AppData\Local\Microsoft\WindowsApps;C:\Users\luozheng\AppData\Roaming\npm;D:\开发环境\spring-tool-suite-3.9.5.RELEASE-e4.8.0-win32-x86_64\sts-bundle\sts-3.9.5.RELEASE;;.]
20:26:58.079 logback [main] INFO  o.a.c.c.C.[Tomcat].[localhost].[/] - Initializing Spring embedded WebApplicationContext
20:26:58.079 logback [main] INFO  o.s.web.context.ContextLoader - Root WebApplicationContext: initialization completed in 883 ms
20:26:58.101 logback [main] INFO  o.s.b.w.s.ServletRegistrationBean - Servlet dispatcherServlet mapped to [/]
20:26:58.104 logback [main] INFO  o.s.b.w.s.FilterRegistrationBean - Mapping filter: 'characterEncodingFilter' to: [/*]
20:26:58.104 logback [main] INFO  o.s.b.w.s.FilterRegistrationBean - Mapping filter: 'hiddenHttpMethodFilter' to: [/*]
20:26:58.104 logback [main] INFO  o.s.b.w.s.FilterRegistrationBean - Mapping filter: 'formContentFilter' to: [/*]
20:26:58.104 logback [main] INFO  o.s.b.w.s.FilterRegistrationBean - Mapping filter: 'requestContextFilter' to: [/*]
20:26:58.383 logback [main] INFO  o.s.s.c.ThreadPoolTaskExecutor - Initializing ExecutorService 'applicationTaskExecutor'
20:26:58.602 logback [main] INFO  o.a.coyote.http11.Http11NioProtocol - Starting ProtocolHandler ["http-nio-8080"]
20:26:58.611 logback [main] INFO  o.a.tomcat.util.net.NioSelectorPool - Using a shared selector for servlet write/read
20:26:58.623 logback [main] INFO  o.s.b.w.e.tomcat.TomcatWebServer - Tomcat started on port(s): 8080 (http) with context path ''
20:26:58.625 logback [main] INFO  c.ronzheng.travel.TravelApplication - Started TravelApplication in 1.78 seconds (JVM running for 2.474)
20:27:29.757 logback [http-nio-8080-exec-1] INFO  o.a.c.c.C.[Tomcat].[localhost].[/] - Initializing Spring DispatcherServlet 'dispatcherServlet'
20:27:29.758 logback [http-nio-8080-exec-1] INFO  o.s.web.servlet.DispatcherServlet - Initializing Servlet 'dispatcherServlet'
20:27:29.763 logback [http-nio-8080-exec-1] INFO  o.s.web.servlet.DispatcherServlet - Completed initialization in 5 ms
20:27:29.779 logback [http-nio-8080-exec-1] INFO  c.r.travel.controller.SpotController - 查询景点start
20:27:29.790 logback [http-nio-8080-exec-1] INFO  com.zaxxer.hikari.HikariDataSource - HikariPool-1 - Starting...
20:27:30.091 logback [http-nio-8080-exec-1] INFO  com.zaxxer.hikari.HikariDataSource - HikariPool-1 - Start completed.
20:27:30.108 logback [http-nio-8080-exec-1] INFO  c.r.travel.controller.SpotController - 查询景点结果：[com.ronzheng.travel.entity.SpotInfo@137edfdc]
20:32:06.664 logback [RMI TCP Connection(2)-127.0.0.1] INFO  o.s.b.a.SpringApplicationAdminMXBeanRegistrar$SpringApplicationAdmin - Application shutdown requested.
20:32:06.667 logback [RMI TCP Connection(2)-127.0.0.1] INFO  o.s.s.c.ThreadPoolTaskExecutor - Shutting down ExecutorService 'applicationTaskExecutor'
20:32:06.668 logback [RMI TCP Connection(2)-127.0.0.1] INFO  com.zaxxer.hikari.HikariDataSource - HikariPool-1 - Shutdown initiated...
20:32:06.675 logback [RMI TCP Connection(2)-127.0.0.1] INFO  com.zaxxer.hikari.HikariDataSource - HikariPool-1 - Shutdown completed.
20:32:11.287 logback [main] INFO  c.ronzheng.travel.TravelApplication - Starting TravelApplication on luozheng with PID 7856 (G:\workspace\Travel\target\classes started by luozheng in G:\workspace\Travel)
20:32:11.289 logback [main] INFO  c.ronzheng.travel.TravelApplication - No active profile set, falling back to default profiles: default
20:32:12.111 logback [main] INFO  o.s.b.w.e.tomcat.TomcatWebServer - Tomcat initialized with port(s): 8080 (http)
20:32:12.124 logback [main] INFO  o.a.coyote.http11.Http11NioProtocol - Initializing ProtocolHandler ["http-nio-8080"]
20:32:12.128 logback [main] INFO  o.a.catalina.core.StandardService - Starting service [Tomcat]
20:32:12.128 logback [main] INFO  o.a.catalina.core.StandardEngine - Starting Servlet Engine: Apache Tomcat/9.0.12
20:32:12.134 logback [main] INFO  o.a.c.core.AprLifecycleListener - The APR based Apache Tomcat Native library which allows optimal performance in production environments was not found on the java.library.path: [C:\Program Files (x86)\java\jdk1.8.0_181\bin;C:\WINDOWS\Sun\Java\bin;C:\WINDOWS\system32;C:\WINDOWS;C:/Program Files (x86)/java/jdk1.8.0_181/bin/../jre/bin/server;C:/Program Files (x86)/java/jdk1.8.0_181/bin/../jre/bin;C:/Program Files (x86)/java/jdk1.8.0_181/bin/../jre/lib/amd64;C:\Program Files (x86)\java\jdk1.8.0_181\bin;C:\Program Files (x86)\java\jdk1.8.0_181\jre\bin;C:\Program Files (x86)\Common Files\Oracle\Java\javapath;G:\software\apache-maven-3.5.4\bin;C:\Program Files (x86)\Intel\iCLS Client\;C:\Program Files\Intel\iCLS Client\;C:\Windows\system32;C:\Windows;C:\Windows\System32\Wbem;C:\Windows\System32\WindowsPowerShell\v1.0\;C:\Program Files (x86)\NVIDIA Corporation\PhysX\Common;C:\Program Files (x86)\Intel\Intel(R) Management Engine Components\DAL;C:\Program Files\Intel\Intel(R) Management Engine Components\DAL;C:\Program Files (x86)\Intel\Intel(R) Management Engine Components\IPT;C:\Program Files\Intel\Intel(R) Management Engine Components\IPT;C:\Program Files\Intel\WiFi\bin\;C:\Program Files\Common Files\Intel\WirelessCommon\;C:\ORACLE\instantclient_11_2;C:\WINDOWS\system32;C:\WINDOWS;C:\WINDOWS\System32\Wbem;C:\WINDOWS\System32\WindowsPowerShell\v1.0\;C:\WINDOWS\System32\OpenSSH\;C:\Program Files (x86)\Symantec\VIP Access Client\;C:\Program Files\TortoiseGit\bin;C:\Program Files\Git\cmd;D:\软件安装地址\node\;C:\ProgramData\chocolatey\bin;C:\Users\luozheng\AppData\Local\Microsoft\WindowsApps;C:\Users\luozheng\AppData\Roaming\npm;D:\开发环境\spring-tool-suite-3.9.5.RELEASE-e4.8.0-win32-x86_64\sts-bundle\sts-3.9.5.RELEASE;;.]
20:32:12.206 logback [main] INFO  o.a.c.c.C.[Tomcat].[localhost].[/] - Initializing Spring embedded WebApplicationContext
20:32:12.206 logback [main] INFO  o.s.web.context.ContextLoader - Root WebApplicationContext: initialization completed in 886 ms
20:32:12.227 logback [main] INFO  o.s.b.w.s.ServletRegistrationBean - Servlet dispatcherServlet mapped to [/]
20:32:12.230 logback [main] INFO  o.s.b.w.s.FilterRegistrationBean - Mapping filter: 'characterEncodingFilter' to: [/*]
20:32:12.230 logback [main] INFO  o.s.b.w.s.FilterRegistrationBean - Mapping filter: 'hiddenHttpMethodFilter' to: [/*]
20:32:12.231 logback [main] INFO  o.s.b.w.s.FilterRegistrationBean - Mapping filter: 'formContentFilter' to: [/*]
20:32:12.231 logback [main] INFO  o.s.b.w.s.FilterRegistrationBean - Mapping filter: 'requestContextFilter' to: [/*]
20:32:12.516 logback [main] INFO  o.s.s.c.ThreadPoolTaskExecutor - Initializing ExecutorService 'applicationTaskExecutor'
20:32:12.738 logback [main] INFO  o.a.coyote.http11.Http11NioProtocol - Starting ProtocolHandler ["http-nio-8080"]
20:32:12.748 logback [main] INFO  o.a.tomcat.util.net.NioSelectorPool - Using a shared selector for servlet write/read
20:32:12.761 logback [main] INFO  o.s.b.w.e.tomcat.TomcatWebServer - Tomcat started on port(s): 8080 (http) with context path ''
20:32:12.763 logback [main] INFO  c.ronzheng.travel.TravelApplication - Started TravelApplication in 1.779 seconds (JVM running for 2.501)
20:32:19.716 logback [http-nio-8080-exec-1] INFO  o.a.c.c.C.[Tomcat].[localhost].[/] - Initializing Spring DispatcherServlet 'dispatcherServlet'
20:32:19.717 logback [http-nio-8080-exec-1] INFO  o.s.web.servlet.DispatcherServlet - Initializing Servlet 'dispatcherServlet'
20:32:19.721 logback [http-nio-8080-exec-1] INFO  o.s.web.servlet.DispatcherServlet - Completed initialization in 4 ms
20:32:19.736 logback [http-nio-8080-exec-1] INFO  c.r.travel.controller.SpotController - 查询景点start
20:32:19.746 logback [http-nio-8080-exec-1] INFO  com.zaxxer.hikari.HikariDataSource - HikariPool-1 - Starting...
20:32:20.033 logback [http-nio-8080-exec-1] INFO  com.zaxxer.hikari.HikariDataSource - HikariPool-1 - Start completed.
20:32:20.037 logback [http-nio-8080-exec-1] DEBUG c.r.t.dao.SpotInfoMapper.findSpotAll - ==>  Preparing: select id, spot_name, spot_introduce, DATE_FORMAT(create_time,'%Y-%m-%d %H:%i:%S') create_time, createBy, DATE_FORMAT(update_time,'%Y-%m-%d %H:%i:%S') update_time, updateBy from spotinfo 
20:32:20.051 logback [http-nio-8080-exec-1] DEBUG c.r.t.dao.SpotInfoMapper.findSpotAll - ==> Parameters: 
20:32:20.154 logback [http-nio-8080-exec-1] DEBUG c.r.t.dao.SpotInfoMapper.findSpotAll - <==      Total: 1
20:32:20.156 logback [http-nio-8080-exec-1] INFO  c.r.travel.controller.SpotController - 查询景点结果：[com.ronzheng.travel.entity.SpotInfo@7140f20f]
20:33:06.346 logback [http-nio-8080-exec-2] INFO  c.r.travel.controller.SpotController - 查询景点start
20:33:06.349 logback [http-nio-8080-exec-2] DEBUG c.r.t.dao.SpotInfoMapper.findSpotAll - ==>  Preparing: select id, spot_name, spot_introduce, DATE_FORMAT(create_time,'%Y-%m-%d %H:%i:%S') create_time, createBy, DATE_FORMAT(update_time,'%Y-%m-%d %H:%i:%S') update_time, updateBy from spotinfo 
20:33:06.349 logback [http-nio-8080-exec-2] DEBUG c.r.t.dao.SpotInfoMapper.findSpotAll - ==> Parameters: 
20:33:06.350 logback [http-nio-8080-exec-2] DEBUG c.r.t.dao.SpotInfoMapper.findSpotAll - <==      Total: 1
20:33:06.350 logback [http-nio-8080-exec-2] INFO  c.r.travel.controller.SpotController - 查询景点结果：[com.ronzheng.travel.entity.SpotInfo@27f91453]
20:33:43.009 logback [RMI TCP Connection(2)-127.0.0.1] INFO  o.s.b.a.SpringApplicationAdminMXBeanRegistrar$SpringApplicationAdmin - Application shutdown requested.
20:33:43.012 logback [RMI TCP Connection(2)-127.0.0.1] INFO  o.s.s.c.ThreadPoolTaskExecutor - Shutting down ExecutorService 'applicationTaskExecutor'
20:33:43.013 logback [RMI TCP Connection(2)-127.0.0.1] INFO  com.zaxxer.hikari.HikariDataSource - HikariPool-1 - Shutdown initiated...
20:33:43.019 logback [RMI TCP Connection(2)-127.0.0.1] INFO  com.zaxxer.hikari.HikariDataSource - HikariPool-1 - Shutdown completed.
22:49:48.006 logback [main] INFO  c.ronzheng.travel.TravelApplication - Starting TravelApplication on luozheng with PID 15744 (G:\workspace\Travel\target\classes started by luozheng in G:\workspace\Travel)
22:49:48.008 logback [main] INFO  c.ronzheng.travel.TravelApplication - No active profile set, falling back to default profiles: default
22:49:48.443 logback [main] INFO  o.s.d.r.c.RepositoryConfigurationDelegate - Multiple Spring Data modules found, entering strict repository configuration mode!
22:49:48.445 logback [main] INFO  o.s.d.r.c.RepositoryConfigurationDelegate - Bootstrapping Spring Data repositories in DEFAULT mode.
22:49:48.470 logback [main] INFO  o.s.d.r.c.RepositoryConfigurationDelegate - Finished Spring Data repository scanning in 14ms. Found 0 repository interfaces.
22:49:48.701 logback [main] INFO  o.s.c.s.PostProcessorRegistrationDelegate$BeanPostProcessorChecker - Bean 'org.springframework.transaction.annotation.ProxyTransactionManagementConfiguration' of type [org.springframework.transaction.annotation.ProxyTransactionManagementConfiguration$$EnhancerBySpringCGLIB$$7ed5170f] is not eligible for getting processed by all BeanPostProcessors (for example: not eligible for auto-proxying)
22:49:48.728 logback [main] INFO  o.s.c.s.PostProcessorRegistrationDelegate$BeanPostProcessorChecker - Bean 'com.ronzheng.travel.config.RedisConfig$DataJedisProperties' of type [com.ronzheng.travel.config.RedisConfig$DataJedisProperties] is not eligible for getting processed by all BeanPostProcessors (for example: not eligible for auto-proxying)
22:49:48.729 logback [main] INFO  c.ronzheng.travel.config.RedisConfig - Create JedisConnectionFactory successful
22:49:48.771 logback [main] INFO  o.s.c.s.PostProcessorRegistrationDelegate$BeanPostProcessorChecker - Bean 'jedisConnectionFactory' of type [org.springframework.data.redis.connection.jedis.JedisConnectionFactory] is not eligible for getting processed by all BeanPostProcessors (for example: not eligible for auto-proxying)
22:49:48.771 logback [main] INFO  o.s.c.s.PostProcessorRegistrationDelegate$BeanPostProcessorChecker - Bean 'redisConfig' of type [com.ronzheng.travel.config.RedisConfig$$EnhancerBySpringCGLIB$$9e86b917] is not eligible for getting processed by all BeanPostProcessors (for example: not eligible for auto-proxying)
22:49:48.998 logback [main] INFO  o.s.b.w.e.tomcat.TomcatWebServer - Tomcat initialized with port(s): 8080 (http)
22:49:49.011 logback [main] INFO  o.a.coyote.http11.Http11NioProtocol - Initializing ProtocolHandler ["http-nio-8080"]
22:49:49.016 logback [main] INFO  o.a.catalina.core.StandardService - Starting service [Tomcat]
22:49:49.016 logback [main] INFO  o.a.catalina.core.StandardEngine - Starting Servlet Engine: Apache Tomcat/9.0.12
22:49:49.021 logback [main] INFO  o.a.c.core.AprLifecycleListener - The APR based Apache Tomcat Native library which allows optimal performance in production environments was not found on the java.library.path: [C:\Program Files (x86)\java\jdk1.8.0_181\bin;C:\WINDOWS\Sun\Java\bin;C:\WINDOWS\system32;C:\WINDOWS;C:/Program Files (x86)/java/jdk1.8.0_181/bin/../jre/bin/server;C:/Program Files (x86)/java/jdk1.8.0_181/bin/../jre/bin;C:/Program Files (x86)/java/jdk1.8.0_181/bin/../jre/lib/amd64;C:\Program Files (x86)\java\jdk1.8.0_181\bin;C:\Program Files (x86)\java\jdk1.8.0_181\jre\bin;C:\Program Files (x86)\Common Files\Oracle\Java\javapath;G:\software\apache-maven-3.5.4\bin;C:\Program Files (x86)\Intel\iCLS Client\;C:\Program Files\Intel\iCLS Client\;C:\Windows\system32;C:\Windows;C:\Windows\System32\Wbem;C:\Windows\System32\WindowsPowerShell\v1.0\;C:\Program Files (x86)\NVIDIA Corporation\PhysX\Common;C:\Program Files (x86)\Intel\Intel(R) Management Engine Components\DAL;C:\Program Files\Intel\Intel(R) Management Engine Components\DAL;C:\Program Files (x86)\Intel\Intel(R) Management Engine Components\IPT;C:\Program Files\Intel\Intel(R) Management Engine Components\IPT;C:\Program Files\Intel\WiFi\bin\;C:\Program Files\Common Files\Intel\WirelessCommon\;C:\ORACLE\instantclient_11_2;C:\WINDOWS\system32;C:\WINDOWS;C:\WINDOWS\System32\Wbem;C:\WINDOWS\System32\WindowsPowerShell\v1.0\;C:\WINDOWS\System32\OpenSSH\;C:\Program Files (x86)\Symantec\VIP Access Client\;C:\Program Files\TortoiseGit\bin;C:\Program Files\Git\cmd;D:\软件安装地址\node\;C:\ProgramData\chocolatey\bin;C:\Users\luozheng\AppData\Local\Microsoft\WindowsApps;C:\Users\luozheng\AppData\Roaming\npm;D:\开发环境\spring-tool-suite-3.9.5.RELEASE-e4.8.0-win32-x86_64\sts-bundle\sts-3.9.5.RELEASE;;.]
22:49:49.099 logback [main] INFO  o.a.c.c.C.[Tomcat].[localhost].[/] - Initializing Spring embedded WebApplicationContext
22:49:49.100 logback [main] INFO  o.s.web.context.ContextLoader - Root WebApplicationContext: initialization completed in 1061 ms
22:49:49.127 logback [main] INFO  o.s.b.w.s.ServletRegistrationBean - Servlet dispatcherServlet mapped to [/]
22:49:49.130 logback [main] INFO  o.s.b.w.s.FilterRegistrationBean - Mapping filter: 'characterEncodingFilter' to: [/*]
22:49:49.130 logback [main] INFO  o.s.b.w.s.FilterRegistrationBean - Mapping filter: 'hiddenHttpMethodFilter' to: [/*]
22:49:49.130 logback [main] INFO  o.s.b.w.s.FilterRegistrationBean - Mapping filter: 'formContentFilter' to: [/*]
22:49:49.130 logback [main] INFO  o.s.b.w.s.FilterRegistrationBean - Mapping filter: 'requestContextFilter' to: [/*]
22:49:49.555 logback [main] INFO  c.ronzheng.travel.config.RedisConfig - JedisPool init successful，host -> [localhost]；port -> [6379]
22:49:49.558 logback [main] INFO  c.ronzheng.travel.config.RedisConfig - 初始化 -> [CacheManager RedisCacheManager Start]
22:49:49.565 logback [main] INFO  c.ronzheng.travel.config.RedisConfig - 初始化 -> [Redis CacheErrorHandler]
22:49:49.705 logback [main] INFO  o.s.s.c.ThreadPoolTaskExecutor - Initializing ExecutorService 'applicationTaskExecutor'
22:49:49.935 logback [main] INFO  o.a.coyote.http11.Http11NioProtocol - Starting ProtocolHandler ["http-nio-8080"]
22:49:49.944 logback [main] INFO  o.a.tomcat.util.net.NioSelectorPool - Using a shared selector for servlet write/read
22:49:49.957 logback [main] INFO  o.s.b.w.e.tomcat.TomcatWebServer - Tomcat started on port(s): 8080 (http) with context path ''
22:49:49.959 logback [main] INFO  c.ronzheng.travel.TravelApplication - Started TravelApplication in 2.263 seconds (JVM running for 2.955)
22:50:02.718 logback [http-nio-8080-exec-1] INFO  o.a.c.c.C.[Tomcat].[localhost].[/] - Initializing Spring DispatcherServlet 'dispatcherServlet'
22:50:02.719 logback [http-nio-8080-exec-1] INFO  o.s.web.servlet.DispatcherServlet - Initializing Servlet 'dispatcherServlet'
22:50:02.724 logback [http-nio-8080-exec-1] INFO  o.s.web.servlet.DispatcherServlet - Completed initialization in 5 ms
22:50:02.738 logback [http-nio-8080-exec-1] INFO  c.r.travel.controller.SpotController - 查询景点start
22:50:02.750 logback [http-nio-8080-exec-1] INFO  com.zaxxer.hikari.HikariDataSource - HikariPool-1 - Starting...
22:50:03.047 logback [http-nio-8080-exec-1] INFO  com.zaxxer.hikari.HikariDataSource - HikariPool-1 - Start completed.
22:50:03.052 logback [http-nio-8080-exec-1] DEBUG c.r.t.dao.SpotInfoMapper.findSpotAll - ==>  Preparing: select id, spot_name, spot_introduce, DATE_FORMAT(create_time,'%Y-%m-%d %H:%i:%S') create_time, createBy, DATE_FORMAT(update_time,'%Y-%m-%d %H:%i:%S') update_time, updateBy from spotinfo 
22:50:03.065 logback [http-nio-8080-exec-1] DEBUG c.r.t.dao.SpotInfoMapper.findSpotAll - ==> Parameters: 
22:50:03.078 logback [http-nio-8080-exec-1] DEBUG c.r.t.dao.SpotInfoMapper.findSpotAll - <==      Total: 1
22:50:03.079 logback [http-nio-8080-exec-1] INFO  c.r.travel.controller.SpotController - 查询景点结果：[com.ronzheng.travel.entity.SpotInfo@65bbaf27]
22:52:55.809 logback [RMI TCP Connection(2)-127.0.0.1] INFO  o.s.b.a.SpringApplicationAdminMXBeanRegistrar$SpringApplicationAdmin - Application shutdown requested.
22:52:55.811 logback [RMI TCP Connection(2)-127.0.0.1] INFO  o.s.s.c.ThreadPoolTaskExecutor - Shutting down ExecutorService 'applicationTaskExecutor'
22:52:55.812 logback [RMI TCP Connection(2)-127.0.0.1] INFO  com.zaxxer.hikari.HikariDataSource - HikariPool-1 - Shutdown initiated...
22:52:55.821 logback [RMI TCP Connection(2)-127.0.0.1] INFO  com.zaxxer.hikari.HikariDataSource - HikariPool-1 - Shutdown completed.
22:53:00.652 logback [main] INFO  c.ronzheng.travel.TravelApplication - Starting TravelApplication on luozheng with PID 16360 (G:\workspace\Travel\target\classes started by luozheng in G:\workspace\Travel)
22:53:00.654 logback [main] INFO  c.ronzheng.travel.TravelApplication - No active profile set, falling back to default profiles: default
22:53:01.106 logback [main] INFO  o.s.d.r.c.RepositoryConfigurationDelegate - Multiple Spring Data modules found, entering strict repository configuration mode!
22:53:01.108 logback [main] INFO  o.s.d.r.c.RepositoryConfigurationDelegate - Bootstrapping Spring Data repositories in DEFAULT mode.
22:53:01.132 logback [main] INFO  o.s.d.r.c.RepositoryConfigurationDelegate - Finished Spring Data repository scanning in 14ms. Found 0 repository interfaces.
22:53:01.362 logback [main] INFO  o.s.c.s.PostProcessorRegistrationDelegate$BeanPostProcessorChecker - Bean 'org.springframework.transaction.annotation.ProxyTransactionManagementConfiguration' of type [org.springframework.transaction.annotation.ProxyTransactionManagementConfiguration$$EnhancerBySpringCGLIB$$9c6c2c8e] is not eligible for getting processed by all BeanPostProcessors (for example: not eligible for auto-proxying)
22:53:01.390 logback [main] INFO  o.s.c.s.PostProcessorRegistrationDelegate$BeanPostProcessorChecker - Bean 'com.ronzheng.travel.config.RedisConfig$DataJedisProperties' of type [com.ronzheng.travel.config.RedisConfig$DataJedisProperties] is not eligible for getting processed by all BeanPostProcessors (for example: not eligible for auto-proxying)
22:53:01.390 logback [main] INFO  c.ronzheng.travel.config.RedisConfig - Create JedisConnectionFactory successful
22:53:01.417 logback [main] INFO  o.s.c.s.PostProcessorRegistrationDelegate$BeanPostProcessorChecker - Bean 'jedisConnectionFactory' of type [org.springframework.data.redis.connection.jedis.JedisConnectionFactory] is not eligible for getting processed by all BeanPostProcessors (for example: not eligible for auto-proxying)
22:53:01.418 logback [main] INFO  o.s.c.s.PostProcessorRegistrationDelegate$BeanPostProcessorChecker - Bean 'redisConfig' of type [com.ronzheng.travel.config.RedisConfig$$EnhancerBySpringCGLIB$$bc1dce96] is not eligible for getting processed by all BeanPostProcessors (for example: not eligible for auto-proxying)
22:53:01.650 logback [main] INFO  o.s.b.w.e.tomcat.TomcatWebServer - Tomcat initialized with port(s): 8080 (http)
22:53:01.665 logback [main] INFO  o.a.coyote.http11.Http11NioProtocol - Initializing ProtocolHandler ["http-nio-8080"]
22:53:01.669 logback [main] INFO  o.a.catalina.core.StandardService - Starting service [Tomcat]
22:53:01.669 logback [main] INFO  o.a.catalina.core.StandardEngine - Starting Servlet Engine: Apache Tomcat/9.0.12
22:53:01.675 logback [main] INFO  o.a.c.core.AprLifecycleListener - The APR based Apache Tomcat Native library which allows optimal performance in production environments was not found on the java.library.path: [C:\Program Files (x86)\java\jdk1.8.0_181\bin;C:\WINDOWS\Sun\Java\bin;C:\WINDOWS\system32;C:\WINDOWS;C:/Program Files (x86)/java/jdk1.8.0_181/bin/../jre/bin/server;C:/Program Files (x86)/java/jdk1.8.0_181/bin/../jre/bin;C:/Program Files (x86)/java/jdk1.8.0_181/bin/../jre/lib/amd64;C:\Program Files (x86)\java\jdk1.8.0_181\bin;C:\Program Files (x86)\java\jdk1.8.0_181\jre\bin;C:\Program Files (x86)\Common Files\Oracle\Java\javapath;G:\software\apache-maven-3.5.4\bin;C:\Program Files (x86)\Intel\iCLS Client\;C:\Program Files\Intel\iCLS Client\;C:\Windows\system32;C:\Windows;C:\Windows\System32\Wbem;C:\Windows\System32\WindowsPowerShell\v1.0\;C:\Program Files (x86)\NVIDIA Corporation\PhysX\Common;C:\Program Files (x86)\Intel\Intel(R) Management Engine Components\DAL;C:\Program Files\Intel\Intel(R) Management Engine Components\DAL;C:\Program Files (x86)\Intel\Intel(R) Management Engine Components\IPT;C:\Program Files\Intel\Intel(R) Management Engine Components\IPT;C:\Program Files\Intel\WiFi\bin\;C:\Program Files\Common Files\Intel\WirelessCommon\;C:\ORACLE\instantclient_11_2;C:\WINDOWS\system32;C:\WINDOWS;C:\WINDOWS\System32\Wbem;C:\WINDOWS\System32\WindowsPowerShell\v1.0\;C:\WINDOWS\System32\OpenSSH\;C:\Program Files (x86)\Symantec\VIP Access Client\;C:\Program Files\TortoiseGit\bin;C:\Program Files\Git\cmd;D:\软件安装地址\node\;C:\ProgramData\chocolatey\bin;C:\Users\luozheng\AppData\Local\Microsoft\WindowsApps;C:\Users\luozheng\AppData\Roaming\npm;D:\开发环境\spring-tool-suite-3.9.5.RELEASE-e4.8.0-win32-x86_64\sts-bundle\sts-3.9.5.RELEASE;;.]
22:53:01.754 logback [main] INFO  o.a.c.c.C.[Tomcat].[localhost].[/] - Initializing Spring embedded WebApplicationContext
22:53:01.754 logback [main] INFO  o.s.web.context.ContextLoader - Root WebApplicationContext: initialization completed in 1071 ms
22:53:01.780 logback [main] INFO  o.s.b.w.s.ServletRegistrationBean - Servlet dispatcherServlet mapped to [/]
22:53:01.784 logback [main] INFO  o.s.b.w.s.FilterRegistrationBean - Mapping filter: 'characterEncodingFilter' to: [/*]
22:53:01.784 logback [main] INFO  o.s.b.w.s.FilterRegistrationBean - Mapping filter: 'hiddenHttpMethodFilter' to: [/*]
22:53:01.784 logback [main] INFO  o.s.b.w.s.FilterRegistrationBean - Mapping filter: 'formContentFilter' to: [/*]
22:53:01.785 logback [main] INFO  o.s.b.w.s.FilterRegistrationBean - Mapping filter: 'requestContextFilter' to: [/*]
22:53:02.049 logback [main] INFO  c.ronzheng.travel.config.RedisConfig - JedisPool init successful，host -> [localhost]；port -> [6379]
22:53:02.052 logback [main] INFO  c.ronzheng.travel.config.RedisConfig - 初始化 -> [CacheManager RedisCacheManager Start]
22:53:02.058 logback [main] INFO  c.ronzheng.travel.config.RedisConfig - 初始化 -> [Redis CacheErrorHandler]
22:53:02.205 logback [main] INFO  o.s.s.c.ThreadPoolTaskExecutor - Initializing ExecutorService 'applicationTaskExecutor'
22:53:02.434 logback [main] INFO  o.a.coyote.http11.Http11NioProtocol - Starting ProtocolHandler ["http-nio-8080"]
22:53:02.443 logback [main] INFO  o.a.tomcat.util.net.NioSelectorPool - Using a shared selector for servlet write/read
22:53:02.456 logback [main] INFO  o.s.b.w.e.tomcat.TomcatWebServer - Tomcat started on port(s): 8080 (http) with context path ''
22:53:02.458 logback [main] INFO  c.ronzheng.travel.TravelApplication - Started TravelApplication in 2.11 seconds (JVM running for 2.862)
22:53:13.417 logback [http-nio-8080-exec-1] INFO  o.a.c.c.C.[Tomcat].[localhost].[/] - Initializing Spring DispatcherServlet 'dispatcherServlet'
22:53:13.418 logback [http-nio-8080-exec-1] INFO  o.s.web.servlet.DispatcherServlet - Initializing Servlet 'dispatcherServlet'
22:53:13.423 logback [http-nio-8080-exec-1] INFO  o.s.web.servlet.DispatcherServlet - Completed initialization in 5 ms
22:53:13.438 logback [http-nio-8080-exec-1] INFO  c.r.travel.controller.SpotController - 查询景点start
22:53:13.457 logback [http-nio-8080-exec-1] INFO  com.zaxxer.hikari.HikariDataSource - HikariPool-1 - Starting...
22:53:13.753 logback [http-nio-8080-exec-1] INFO  com.zaxxer.hikari.HikariDataSource - HikariPool-1 - Start completed.
22:53:13.758 logback [http-nio-8080-exec-1] DEBUG c.r.t.dao.SpotInfoMapper.findSpotAll - ==>  Preparing: select id, spot_name, spot_introduce, DATE_FORMAT(create_time,'%Y-%m-%d %H:%i:%S') create_time, createBy, DATE_FORMAT(update_time,'%Y-%m-%d %H:%i:%S') update_time, updateBy from spotinfo 
22:53:13.772 logback [http-nio-8080-exec-1] DEBUG c.r.t.dao.SpotInfoMapper.findSpotAll - ==> Parameters: 
22:53:13.782 logback [http-nio-8080-exec-1] DEBUG c.r.t.dao.SpotInfoMapper.findSpotAll - <==      Total: 1
22:53:13.857 logback [http-nio-8080-exec-1] INFO  c.r.travel.controller.SpotController - 查询景点结果：[com.ronzheng.travel.entity.SpotInfo@7e3fcbf]
22:53:20.413 logback [http-nio-8080-exec-2] INFO  c.r.travel.controller.SpotController - 查询景点start
22:53:20.415 logback [http-nio-8080-exec-2] DEBUG c.r.t.dao.SpotInfoMapper.findSpotAll - ==>  Preparing: select id, spot_name, spot_introduce, DATE_FORMAT(create_time,'%Y-%m-%d %H:%i:%S') create_time, createBy, DATE_FORMAT(update_time,'%Y-%m-%d %H:%i:%S') update_time, updateBy from spotinfo 
22:53:20.416 logback [http-nio-8080-exec-2] DEBUG c.r.t.dao.SpotInfoMapper.findSpotAll - ==> Parameters: 
22:53:20.417 logback [http-nio-8080-exec-2] DEBUG c.r.t.dao.SpotInfoMapper.findSpotAll - <==      Total: 1
22:53:20.419 logback [http-nio-8080-exec-2] INFO  c.r.travel.controller.SpotController - 查询景点结果：[com.ronzheng.travel.entity.SpotInfo@23465718]
22:53:25.419 logback [http-nio-8080-exec-3] INFO  c.r.travel.controller.SpotController - 查询景点start
22:53:25.419 logback [http-nio-8080-exec-3] DEBUG c.r.t.dao.SpotInfoMapper.findSpotAll - ==>  Preparing: select id, spot_name, spot_introduce, DATE_FORMAT(create_time,'%Y-%m-%d %H:%i:%S') create_time, createBy, DATE_FORMAT(update_time,'%Y-%m-%d %H:%i:%S') update_time, updateBy from spotinfo 
22:53:25.419 logback [http-nio-8080-exec-3] DEBUG c.r.t.dao.SpotInfoMapper.findSpotAll - ==> Parameters: 
22:53:25.422 logback [http-nio-8080-exec-3] DEBUG c.r.t.dao.SpotInfoMapper.findSpotAll - <==      Total: 1
22:53:25.422 logback [http-nio-8080-exec-3] INFO  c.r.travel.controller.SpotController - 查询景点结果：[com.ronzheng.travel.entity.SpotInfo@5eeb17f5]
23:05:39.235 logback [RMI TCP Connection(2)-127.0.0.1] INFO  o.s.b.a.SpringApplicationAdminMXBeanRegistrar$SpringApplicationAdmin - Application shutdown requested.
23:05:39.237 logback [RMI TCP Connection(2)-127.0.0.1] INFO  o.s.s.c.ThreadPoolTaskExecutor - Shutting down ExecutorService 'applicationTaskExecutor'
23:05:39.238 logback [RMI TCP Connection(2)-127.0.0.1] INFO  com.zaxxer.hikari.HikariDataSource - HikariPool-1 - Shutdown initiated...
23:05:39.246 logback [RMI TCP Connection(2)-127.0.0.1] INFO  com.zaxxer.hikari.HikariDataSource - HikariPool-1 - Shutdown completed.
23:05:44.723 logback [main] INFO  c.ronzheng.travel.TravelApplication - Starting TravelApplication on luozheng with PID 12408 (G:\workspace\Travel\target\classes started by luozheng in G:\workspace\Travel)
23:05:44.725 logback [main] INFO  c.ronzheng.travel.TravelApplication - No active profile set, falling back to default profiles: default
23:05:45.155 logback [main] INFO  o.s.d.r.c.RepositoryConfigurationDelegate - Multiple Spring Data modules found, entering strict repository configuration mode!
23:05:45.157 logback [main] INFO  o.s.d.r.c.RepositoryConfigurationDelegate - Bootstrapping Spring Data repositories in DEFAULT mode.
23:05:45.181 logback [main] INFO  o.s.d.r.c.RepositoryConfigurationDelegate - Finished Spring Data repository scanning in 13ms. Found 0 repository interfaces.
23:05:45.409 logback [main] INFO  o.s.c.s.PostProcessorRegistrationDelegate$BeanPostProcessorChecker - Bean 'org.springframework.transaction.annotation.ProxyTransactionManagementConfiguration' of type [org.springframework.transaction.annotation.ProxyTransactionManagementConfiguration$$EnhancerBySpringCGLIB$$4631015d] is not eligible for getting processed by all BeanPostProcessors (for example: not eligible for auto-proxying)
23:05:45.436 logback [main] INFO  o.s.c.s.PostProcessorRegistrationDelegate$BeanPostProcessorChecker - Bean 'com.ronzheng.travel.config.RedisConfig$DataJedisProperties' of type [com.ronzheng.travel.config.RedisConfig$DataJedisProperties] is not eligible for getting processed by all BeanPostProcessors (for example: not eligible for auto-proxying)
23:05:45.436 logback [main] INFO  c.ronzheng.travel.config.RedisConfig - Create JedisConnectionFactory successful
23:05:45.462 logback [main] INFO  o.s.c.s.PostProcessorRegistrationDelegate$BeanPostProcessorChecker - Bean 'jedisConnectionFactory' of type [org.springframework.data.redis.connection.jedis.JedisConnectionFactory] is not eligible for getting processed by all BeanPostProcessors (for example: not eligible for auto-proxying)
23:05:45.463 logback [main] INFO  o.s.c.s.PostProcessorRegistrationDelegate$BeanPostProcessorChecker - Bean 'redisConfig' of type [com.ronzheng.travel.config.RedisConfig$$EnhancerBySpringCGLIB$$65e2a365] is not eligible for getting processed by all BeanPostProcessors (for example: not eligible for auto-proxying)
23:05:45.699 logback [main] INFO  o.s.b.w.e.tomcat.TomcatWebServer - Tomcat initialized with port(s): 8080 (http)
23:05:45.712 logback [main] INFO  o.a.coyote.http11.Http11NioProtocol - Initializing ProtocolHandler ["http-nio-8080"]
23:05:45.717 logback [main] INFO  o.a.catalina.core.StandardService - Starting service [Tomcat]
23:05:45.717 logback [main] INFO  o.a.catalina.core.StandardEngine - Starting Servlet Engine: Apache Tomcat/9.0.12
23:05:45.722 logback [main] INFO  o.a.c.core.AprLifecycleListener - The APR based Apache Tomcat Native library which allows optimal performance in production environments was not found on the java.library.path: [C:\Program Files (x86)\java\jdk1.8.0_181\bin;C:\WINDOWS\Sun\Java\bin;C:\WINDOWS\system32;C:\WINDOWS;C:/Program Files (x86)/java/jdk1.8.0_181/bin/../jre/bin/server;C:/Program Files (x86)/java/jdk1.8.0_181/bin/../jre/bin;C:/Program Files (x86)/java/jdk1.8.0_181/bin/../jre/lib/amd64;C:\Program Files (x86)\java\jdk1.8.0_181\bin;C:\Program Files (x86)\java\jdk1.8.0_181\jre\bin;C:\Program Files (x86)\Common Files\Oracle\Java\javapath;G:\software\apache-maven-3.5.4\bin;C:\Program Files (x86)\Intel\iCLS Client\;C:\Program Files\Intel\iCLS Client\;C:\Windows\system32;C:\Windows;C:\Windows\System32\Wbem;C:\Windows\System32\WindowsPowerShell\v1.0\;C:\Program Files (x86)\NVIDIA Corporation\PhysX\Common;C:\Program Files (x86)\Intel\Intel(R) Management Engine Components\DAL;C:\Program Files\Intel\Intel(R) Management Engine Components\DAL;C:\Program Files (x86)\Intel\Intel(R) Management Engine Components\IPT;C:\Program Files\Intel\Intel(R) Management Engine Components\IPT;C:\Program Files\Intel\WiFi\bin\;C:\Program Files\Common Files\Intel\WirelessCommon\;C:\ORACLE\instantclient_11_2;C:\WINDOWS\system32;C:\WINDOWS;C:\WINDOWS\System32\Wbem;C:\WINDOWS\System32\WindowsPowerShell\v1.0\;C:\WINDOWS\System32\OpenSSH\;C:\Program Files (x86)\Symantec\VIP Access Client\;C:\Program Files\TortoiseGit\bin;C:\Program Files\Git\cmd;D:\软件安装地址\node\;C:\ProgramData\chocolatey\bin;C:\Users\luozheng\AppData\Local\Microsoft\WindowsApps;C:\Users\luozheng\AppData\Roaming\npm;D:\开发环境\spring-tool-suite-3.9.5.RELEASE-e4.8.0-win32-x86_64\sts-bundle\sts-3.9.5.RELEASE;;.]
23:05:45.800 logback [main] INFO  o.a.c.c.C.[Tomcat].[localhost].[/] - Initializing Spring embedded WebApplicationContext
23:05:45.800 logback [main] INFO  o.s.web.context.ContextLoader - Root WebApplicationContext: initialization completed in 1046 ms
23:05:45.822 logback [main] INFO  o.s.b.w.s.ServletRegistrationBean - Servlet dispatcherServlet mapped to [/]
23:05:45.825 logback [main] INFO  o.s.b.w.s.FilterRegistrationBean - Mapping filter: 'characterEncodingFilter' to: [/*]
23:05:45.828 logback [main] INFO  o.s.b.w.s.FilterRegistrationBean - Mapping filter: 'hiddenHttpMethodFilter' to: [/*]
23:05:45.828 logback [main] INFO  o.s.b.w.s.FilterRegistrationBean - Mapping filter: 'formContentFilter' to: [/*]
23:05:45.828 logback [main] INFO  o.s.b.w.s.FilterRegistrationBean - Mapping filter: 'requestContextFilter' to: [/*]
23:05:46.092 logback [main] INFO  c.ronzheng.travel.config.RedisConfig - JedisPool init successful，host -> [localhost]；port -> [6379]
23:05:46.095 logback [main] INFO  c.ronzheng.travel.config.RedisConfig - 初始化 -> [CacheManager RedisCacheManager Start]
23:05:46.102 logback [main] INFO  c.ronzheng.travel.config.RedisConfig - 初始化 -> [Redis CacheErrorHandler]
23:05:46.250 logback [main] INFO  o.s.s.c.ThreadPoolTaskExecutor - Initializing ExecutorService 'applicationTaskExecutor'
23:05:46.471 logback [main] INFO  o.a.coyote.http11.Http11NioProtocol - Starting ProtocolHandler ["http-nio-8080"]
23:05:46.480 logback [main] INFO  o.a.tomcat.util.net.NioSelectorPool - Using a shared selector for servlet write/read
23:05:46.493 logback [main] INFO  o.s.b.w.e.tomcat.TomcatWebServer - Tomcat started on port(s): 8080 (http) with context path ''
23:05:46.495 logback [main] INFO  c.ronzheng.travel.TravelApplication - Started TravelApplication in 2.072 seconds (JVM running for 2.801)
23:05:54.154 logback [http-nio-8080-exec-1] INFO  o.a.c.c.C.[Tomcat].[localhost].[/] - Initializing Spring DispatcherServlet 'dispatcherServlet'
23:05:54.154 logback [http-nio-8080-exec-1] INFO  o.s.web.servlet.DispatcherServlet - Initializing Servlet 'dispatcherServlet'
23:05:54.167 logback [http-nio-8080-exec-1] INFO  o.s.web.servlet.DispatcherServlet - Completed initialization in 13 ms
23:05:54.194 logback [http-nio-8080-exec-1] INFO  c.r.travel.controller.SpotController - 查询景点start
23:05:54.205 logback [http-nio-8080-exec-1] INFO  com.zaxxer.hikari.HikariDataSource - HikariPool-1 - Starting...
23:05:54.497 logback [http-nio-8080-exec-1] INFO  com.zaxxer.hikari.HikariDataSource - HikariPool-1 - Start completed.
23:05:54.502 logback [http-nio-8080-exec-1] DEBUG c.r.t.dao.SpotInfoMapper.findSpotAll - ==>  Preparing: select id, spot_name, spot_introduce, DATE_FORMAT(create_time,'%Y-%m-%d %H:%i:%S') create_time, createBy, DATE_FORMAT(update_time,'%Y-%m-%d %H:%i:%S') update_time, updateBy from spotinfo 
23:05:54.514 logback [http-nio-8080-exec-1] DEBUG c.r.t.dao.SpotInfoMapper.findSpotAll - ==> Parameters: 
23:05:54.525 logback [http-nio-8080-exec-1] DEBUG c.r.t.dao.SpotInfoMapper.findSpotAll - <==      Total: 1
23:05:54.596 logback [http-nio-8080-exec-1] INFO  c.r.travel.controller.SpotController - 查询景点结果：[com.ronzheng.travel.entity.SpotInfo@779f2bda]
23:06:05.565 logback [http-nio-8080-exec-2] INFO  c.r.travel.controller.SpotController - 查询景点start
23:06:05.567 logback [http-nio-8080-exec-2] DEBUG c.r.t.dao.SpotInfoMapper.findSpotAll - ==>  Preparing: select id, spot_name, spot_introduce, DATE_FORMAT(create_time,'%Y-%m-%d %H:%i:%S') create_time, createBy, DATE_FORMAT(update_time,'%Y-%m-%d %H:%i:%S') update_time, updateBy from spotinfo 
23:06:05.567 logback [http-nio-8080-exec-2] DEBUG c.r.t.dao.SpotInfoMapper.findSpotAll - ==> Parameters: 
23:06:05.568 logback [http-nio-8080-exec-2] DEBUG c.r.t.dao.SpotInfoMapper.findSpotAll - <==      Total: 1
23:06:05.569 logback [http-nio-8080-exec-2] INFO  c.r.travel.controller.SpotController - 查询景点结果：[com.ronzheng.travel.entity.SpotInfo@567a67c0]
23:07:22.323 logback [http-nio-8080-exec-4] INFO  c.r.travel.controller.SpotController - 查询景点start
23:07:22.325 logback [http-nio-8080-exec-4] DEBUG c.r.t.dao.SpotInfoMapper.findSpotAll - ==>  Preparing: select id, spot_name, spot_introduce, DATE_FORMAT(create_time,'%Y-%m-%d %H:%i:%S') create_time, createBy, DATE_FORMAT(update_time,'%Y-%m-%d %H:%i:%S') update_time, updateBy from spotinfo 
23:07:22.326 logback [http-nio-8080-exec-4] DEBUG c.r.t.dao.SpotInfoMapper.findSpotAll - ==> Parameters: 
23:07:22.327 logback [http-nio-8080-exec-4] DEBUG c.r.t.dao.SpotInfoMapper.findSpotAll - <==      Total: 1
23:07:22.331 logback [http-nio-8080-exec-4] INFO  c.r.travel.controller.SpotController - 查询景点结果：[com.ronzheng.travel.entity.SpotInfo@77cef6ab]
23:10:21.504 logback [RMI TCP Connection(2)-127.0.0.1] INFO  o.s.b.a.SpringApplicationAdminMXBeanRegistrar$SpringApplicationAdmin - Application shutdown requested.
23:10:21.507 logback [RMI TCP Connection(2)-127.0.0.1] INFO  o.s.s.c.ThreadPoolTaskExecutor - Shutting down ExecutorService 'applicationTaskExecutor'
23:10:21.508 logback [RMI TCP Connection(2)-127.0.0.1] INFO  com.zaxxer.hikari.HikariDataSource - HikariPool-1 - Shutdown initiated...
23:10:21.518 logback [RMI TCP Connection(2)-127.0.0.1] INFO  com.zaxxer.hikari.HikariDataSource - HikariPool-1 - Shutdown completed.
